mode: set
github.com/artziel/go-utilities/terminal.go:5.35,6.25 1 0
github.com/artziel/go-utilities/terminal.go:9.2,10.16 2 0
github.com/artziel/go-utilities/terminal.go:13.2,13.22 1 0
github.com/artziel/go-utilities/terminal.go:6.25,8.3 1 0
github.com/artziel/go-utilities/terminal.go:10.16,12.3 1 0
github.com/artziel/go-utilities/files.go:18.28,21.2 2 1
github.com/artziel/go-utilities/files.go:23.37,26.61 2 1
github.com/artziel/go-utilities/files.go:30.2,30.15 1 1
github.com/artziel/go-utilities/files.go:26.61,28.3 1 1
github.com/artziel/go-utilities/files.go:33.37,38.2 4 1
github.com/artziel/go-utilities/files.go:40.40,43.26 2 1
github.com/artziel/go-utilities/files.go:52.2,52.10 1 1
github.com/artziel/go-utilities/files.go:56.2,56.12 1 1
github.com/artziel/go-utilities/files.go:43.26,44.23 1 1
github.com/artziel/go-utilities/files.go:47.3,47.23 1 1
github.com/artziel/go-utilities/files.go:44.23,46.4 1 1
github.com/artziel/go-utilities/files.go:47.23,49.4 1 1
github.com/artziel/go-utilities/files.go:52.10,54.3 1 1
github.com/artziel/go-utilities/files.go:59.56,62.16 2 1
github.com/artziel/go-utilities/files.go:66.2,66.12 1 1
github.com/artziel/go-utilities/files.go:62.16,64.3 1 1
github.com/artziel/go-utilities/files.go:69.54,73.16 2 1
github.com/artziel/go-utilities/files.go:80.2,80.12 1 1
github.com/artziel/go-utilities/files.go:73.16,75.17 2 1
github.com/artziel/go-utilities/files.go:75.17,77.4 1 1
github.com/artziel/go-utilities/files.go:83.62,87.16 3 1
github.com/artziel/go-utilities/files.go:92.2,94.12 2 1
github.com/artziel/go-utilities/files.go:87.16,91.3 3 1
github.com/artziel/go-utilities/linux.go:13.27,15.2 1 1
github.com/artziel/go-utilities/linux.go:17.36,20.66 2 1
github.com/artziel/go-utilities/linux.go:23.2,23.59 1 1
github.com/artziel/go-utilities/linux.go:27.2,27.13 1 1
github.com/artziel/go-utilities/linux.go:20.66,22.3 1 1
github.com/artziel/go-utilities/linux.go:23.59,25.3 1 0
github.com/artziel/go-utilities/linux.go:30.38,31.22 1 1
github.com/artziel/go-utilities/linux.go:35.2,37.52 2 1
github.com/artziel/go-utilities/linux.go:49.2,53.14 4 1
github.com/artziel/go-utilities/linux.go:62.2,62.12 1 1
github.com/artziel/go-utilities/linux.go:31.22,33.3 1 0
github.com/artziel/go-utilities/linux.go:37.52,42.21 4 1
github.com/artziel/go-utilities/linux.go:46.3,46.16 1 1
github.com/artziel/go-utilities/linux.go:42.21,44.4 1 1
github.com/artziel/go-utilities/linux.go:53.14,60.3 6 1
github.com/artziel/go-utilities/strings.go:9.52,12.16 2 1
github.com/artziel/go-utilities/strings.go:22.2,22.18 1 1
github.com/artziel/go-utilities/strings.go:12.16,14.28 2 1
github.com/artziel/go-utilities/strings.go:14.28,17.23 3 1
github.com/artziel/go-utilities/strings.go:17.23,18.10 1 1
github.com/artziel/go-utilities/strings.go:25.38,28.79 2 1
github.com/artziel/go-utilities/strings.go:33.2,33.14 1 1
github.com/artziel/go-utilities/strings.go:28.79,29.14 1 1
github.com/artziel/go-utilities/strings.go:29.14,31.4 1 1
github.com/artziel/go-utilities/strings.go:36.41,37.18 1 1
github.com/artziel/go-utilities/strings.go:40.2,40.21 1 1
github.com/artziel/go-utilities/strings.go:48.2,48.24 1 1
github.com/artziel/go-utilities/strings.go:57.2,58.25 2 1
github.com/artziel/go-utilities/strings.go:37.18,39.3 1 1
github.com/artziel/go-utilities/strings.go:40.21,42.26 2 1
github.com/artziel/go-utilities/strings.go:42.26,44.4 1 1
github.com/artziel/go-utilities/strings.go:44.9,46.4 1 1
github.com/artziel/go-utilities/strings.go:48.24,50.26 2 1
github.com/artziel/go-utilities/strings.go:50.26,52.4 1 1
github.com/artziel/go-utilities/strings.go:52.9,54.4 1 0
github.com/artziel/go-utilities/strings.go:58.25,60.3 1 1
github.com/artziel/go-utilities/strings.go:60.8,62.3 1 0
github.com/artziel/go-utilities/strings.go:65.41,66.15 1 1
github.com/artziel/go-utilities/strings.go:77.2,78.25 2 1
github.com/artziel/go-utilities/strings.go:66.15,68.3 1 1
github.com/artziel/go-utilities/strings.go:68.8,68.23 1 1
github.com/artziel/go-utilities/strings.go:68.23,70.26 2 1
github.com/artziel/go-utilities/strings.go:70.26,72.4 1 1
github.com/artziel/go-utilities/strings.go:72.9,74.4 1 1
github.com/artziel/go-utilities/strings.go:78.25,80.3 1 0
github.com/artziel/go-utilities/strings.go:80.8,82.3 1 1
github.com/artziel/go-utilities/system.go:28.29,30.16 2 1
github.com/artziel/go-utilities/system.go:33.2,33.44 1 1
github.com/artziel/go-utilities/system.go:30.16,32.3 1 0
github.com/artziel/go-utilities/system.go:36.38,41.21 4 1
github.com/artziel/go-utilities/system.go:48.2,48.17 1 1
github.com/artziel/go-utilities/system.go:42.15,43.21 1 1
github.com/artziel/go-utilities/system.go:44.10,45.29 1 0
