mode: set
github.com/artziel/go-utilities/system.go:28.29,30.16 2 0
github.com/artziel/go-utilities/system.go:33.2,33.44 1 0
github.com/artziel/go-utilities/system.go:30.16,32.3 1 0
github.com/artziel/go-utilities/system.go:36.38,41.21 4 0
github.com/artziel/go-utilities/system.go:48.2,48.17 1 0
github.com/artziel/go-utilities/system.go:42.15,43.21 1 0
github.com/artziel/go-utilities/system.go:44.10,45.29 1 0
github.com/artziel/go-utilities/terminal.go:5.35,6.25 1 0
github.com/artziel/go-utilities/terminal.go:9.2,10.16 2 0
github.com/artziel/go-utilities/terminal.go:13.2,13.22 1 0
github.com/artziel/go-utilities/terminal.go:6.25,8.3 1 0
github.com/artziel/go-utilities/terminal.go:10.16,12.3 1 0
github.com/artziel/go-utilities/files.go:18.28,21.2 2 1
github.com/artziel/go-utilities/files.go:23.37,26.61 2 1
github.com/artziel/go-utilities/files.go:30.2,30.15 1 1
github.com/artziel/go-utilities/files.go:26.61,28.3 1 1
github.com/artziel/go-utilities/files.go:33.37,38.2 4 1
github.com/artziel/go-utilities/files.go:40.40,43.26 2 1
github.com/artziel/go-utilities/files.go:52.2,52.10 1 1
github.com/artziel/go-utilities/files.go:56.2,56.12 1 1
github.com/artziel/go-utilities/files.go:43.26,44.23 1 1
github.com/artziel/go-utilities/files.go:47.3,47.23 1 1
github.com/artziel/go-utilities/files.go:44.23,46.4 1 1
github.com/artziel/go-utilities/files.go:47.23,49.4 1 1
github.com/artziel/go-utilities/files.go:52.10,54.3 1 1
github.com/artziel/go-utilities/files.go:59.56,62.16 2 1
github.com/artziel/go-utilities/files.go:66.2,66.12 1 1
github.com/artziel/go-utilities/files.go:62.16,64.3 1 1
github.com/artziel/go-utilities/files.go:69.54,73.16 2 1
github.com/artziel/go-utilities/files.go:80.2,80.12 1 1
github.com/artziel/go-utilities/files.go:73.16,75.17 2 1
github.com/artziel/go-utilities/files.go:75.17,77.4 1 1
github.com/artziel/go-utilities/files.go:83.62,87.16 3 1
github.com/artziel/go-utilities/files.go:92.2,94.12 2 1
github.com/artziel/go-utilities/files.go:87.16,91.3 3 1
github.com/artziel/go-utilities/linux.go:13.38,16.52 2 0
github.com/artziel/go-utilities/linux.go:28.2,28.46 1 0
github.com/artziel/go-utilities/linux.go:48.2,48.12 1 0
github.com/artziel/go-utilities/linux.go:16.52,21.21 4 0
github.com/artziel/go-utilities/linux.go:25.3,25.16 1 0
github.com/artziel/go-utilities/linux.go:21.21,23.4 1 0
github.com/artziel/go-utilities/linux.go:28.46,30.3 1 0
github.com/artziel/go-utilities/linux.go:30.8,31.67 1 0
github.com/artziel/go-utilities/linux.go:37.3,39.15 3 0
github.com/artziel/go-utilities/linux.go:31.67,33.4 1 0
github.com/artziel/go-utilities/linux.go:33.9,33.65 1 0
github.com/artziel/go-utilities/linux.go:33.65,35.4 1 0
github.com/artziel/go-utilities/linux.go:39.15,46.4 6 0
github.com/artziel/go-utilities/mysql.go:7.36,9.54 2 0
github.com/artziel/go-utilities/mysql.go:13.2,13.15 1 0
github.com/artziel/go-utilities/mysql.go:9.54,11.3 1 0
github.com/artziel/go-utilities/strings.go:5.52,9.16 2 1
github.com/artziel/go-utilities/strings.go:20.2,20.18 1 1
github.com/artziel/go-utilities/strings.go:9.16,11.28 2 1
github.com/artziel/go-utilities/strings.go:11.28,14.23 3 1
github.com/artziel/go-utilities/strings.go:14.23,15.10 1 1
github.com/artziel/go-utilities/strings.go:23.38,26.79 2 1
github.com/artziel/go-utilities/strings.go:31.2,31.14 1 1
github.com/artziel/go-utilities/strings.go:26.79,27.14 1 1
github.com/artziel/go-utilities/strings.go:27.14,29.4 1 1
